<?xml version="1.0" encoding="UTF-8"?>
<testng-results ignored="0" total="1" passed="1" failed="0" skipped="0">
  <reporter-output>
  </reporter-output>
  <suite started-at="2018-11-04T09:54:56Z" name="Default suite" finished-at="2018-11-04T09:54:56Z" duration-ms="100">
    <groups>
    </groups>
    <test started-at="2018-11-04T09:54:56Z" name="Default test" finished-at="2018-11-04T09:54:56Z" duration-ms="100">
      <class name="tests.General">
        <test-method signature="test_a()[pri:0, instance:tests.General@2cd76f31]" started-at="2018-11-04T09:54:56Z" name="test_a" finished-at="2018-11-04T09:54:56Z" duration-ms="22" status="PASS">
          <reporter-output>
          </reporter-output>
        </test-method> <!-- test_a -->
      </class> <!-- tests.General -->
    </test> <!-- Default test -->
  </suite> <!-- Default suite -->
</testng-results>
